
The following have been reloaded with a version change:
  1) Java/11.0.2 => Java/1.8.0_92

tput: unknown terminal "xterm"
tput: unknown terminal "xterm"
tput: unknown terminal "xterm"
tput: unknown terminal "xterm"
tput: unknown terminal "xterm"
N E X T F L O W  ~  version 20.07.1
Launching `./NF-downstream_analysis/main.nf` [curious_wing] - revision: 59dad1cfc8
WARN: It appears you have never run this project before -- Option `-resume` is ignored
[-        ] process > seurat_integrate -
[-        ] process > seurat_2         -

[-        ] process > seurat_integrate -
[-        ] process > seurat_2         -
Pulling Singularity image docker://alexthiery/10x-npb-seurat:base-1.0 [cache /camp/lab/luscomben/home/shared/singularity/alexthiery-10x-npb-seurat-base-1.0.img]

[-        ] process > seurat_integrate [  0%] 0 of 1
[-        ] process > seurat_2         -


executor >  slurm (1)
[1d/521d66] process > seurat_integrate (1) [  0%] 0 of 1
[-        ] process > seurat_2             -

executor >  slurm (1)
[1d/521d66] process > seurat_integrate (1) [  0%] 0 of 1
[-        ] process > seurat_2             -

executor >  slurm (1)
[1d/521d66] process > seurat_integrate (1) [100%] 1 of 1 ✔
[-        ] process > seurat_2             -
Pulling Singularity image docker://streitlab/custom-nf-modules-r_analysis:latest [cache /camp/lab/luscomben/home/shared/singularity/streitlab-custom-nf-modules-r_analysis-latest.img]
WARN: Input tuple does not match input set cardinality declared by process `seurat_2` -- offending value: [/camp/svc/scratch/luscomben/thierya/10x_neural_plate_border/work/1d/521d66b231083ac90e1486f30a2dbf/Rplots.pdf, /camp/svc/scratch/luscomben/thierya/10x_neural_plate_border/work/1d/521d66b231083ac90e1486f30a2dbf/input, /camp/svc/scratch/luscomben/thierya/10x_neural_plate_border/work/1d/521d66b231083ac90e1486f30a2dbf/plots, /camp/svc/scratch/luscomben/thierya/10x_neural_plate_border/work/1d/521d66b231083ac90e1486f30a2dbf/rds_files]

executor >  slurm (1)
[1d/521d66] process > seurat_integrate (1) [100%] 1 of 1 ✔
[86/4889f0] process > seurat_2 (1)         [  0%] 0 of 1



executor >  slurm (2)
[1d/521d66] process > seurat_integrate (1) [100%] 1 of 1 ✔
[86/4889f0] process > seurat_2 (1)         [  0%] 0 of 1



executor >  slurm (2)
[1d/521d66] process > seurat_integrate (1) [100%] 1 of 1 ✔
[86/4889f0] process > seurat_2 (1)         [  0%] 0 of 1

executor >  slurm (2)
[1d/521d66] process > seurat_integrate (1) [100%] 1 of 1 ✔
[86/4889f0] process > seurat_2 (1)         [  0%] 0 of 1
Error executing process > 'seurat_2 (1)'

Caused by:
  Process `seurat_2 (1)` terminated with an error exit status (1)

Command executed:

  Rscript /camp/svc/scratch/luscomben/thierya/10x_neural_plate_border/NF-downstream_analysis/bin/seurat/seurat_2.R --cores 1 --runtype nextflow --custom_functions /camp/svc/scratch/luscomben/thierya/10x_neural_plate_border/NF-downstream_analysis/../../bin/custom_functions

Command exit status:
  1

Command output:
  pipeline running through nextflow
  script ran with 1 cores

Command error:
  Error in loadNamespace(name) : there is no package called ‘reticulate’
  Calls: :: ... loadNamespace -> withRestarts -> withOneRestart -> doWithOneRestart
  Execution halted

Work dir:
  /camp/svc/scratch/luscomben/thierya/10x_neural_plate_border/work/86/4889f0c16c1e3b102a8bee017fc8a1

Tip: view the complete command output by changing to the process work dir and entering the command `cat .command.out`

executor >  slurm (2)
[1d/521d66] process > seurat_integrate (1) [100%] 1 of 1 ✔
[86/4889f0] process > seurat_2 (1)         [100%] 1 of 1, failed: 1 ✘
Execution cancelled -- Finishing pending tasks before exit
Error executing process > 'seurat_2 (1)'

Caused by:
  Process `seurat_2 (1)` terminated with an error exit status (1)

Command executed:

  Rscript /camp/svc/scratch/luscomben/thierya/10x_neural_plate_border/NF-downstream_analysis/bin/seurat/seurat_2.R --cores 1 --runtype nextflow --custom_functions /camp/svc/scratch/luscomben/thierya/10x_neural_plate_border/NF-downstream_analysis/../../bin/custom_functions

Command exit status:
  1

Command output:
  pipeline running through nextflow
  script ran with 1 cores

Command error:
  Error in loadNamespace(name) : there is no package called ‘reticulate’
  Calls: :: ... loadNamespace -> withRestarts -> withOneRestart -> doWithOneRestart
  Execution halted

Work dir:
  /camp/svc/scratch/luscomben/thierya/10x_neural_plate_border/work/86/4889f0c16c1e3b102a8bee017fc8a1

Tip: view the complete command output by changing to the process work dir and entering the command `cat .command.out`

executor >  slurm (2)
[1d/521d66] process > seurat_integrate (1) [100%] 1 of 1 ✔
[86/4889f0] process > seurat_2 (1)         [100%] 1 of 1, failed: 1 ✘
Execution cancelled -- Finishing pending tasks before exit
Error executing process > 'seurat_2 (1)'

Caused by:
  Process `seurat_2 (1)` terminated with an error exit status (1)

Command executed:

  Rscript /camp/svc/scratch/luscomben/thierya/10x_neural_plate_border/NF-downstream_analysis/bin/seurat/seurat_2.R --cores 1 --runtype nextflow --custom_functions /camp/svc/scratch/luscomben/thierya/10x_neural_plate_border/NF-downstream_analysis/../../bin/custom_functions

Command exit status:
  1

Command output:
  pipeline running through nextflow
  script ran with 1 cores

Command error:
  Error in loadNamespace(name) : there is no package called ‘reticulate’
  Calls: :: ... loadNamespace -> withRestarts -> withOneRestart -> doWithOneRestart
  Execution halted

Work dir:
  /camp/svc/scratch/luscomben/thierya/10x_neural_plate_border/work/86/4889f0c16c1e3b102a8bee017fc8a1

Tip: view the complete command output by changing to the process work dir and entering the command `cat .command.out`

