
The following have been reloaded with a version change:
  1) Java/11.0.2 => Java/1.8.0_92

tput: unknown terminal "xterm"
tput: unknown terminal "xterm"
tput: unknown terminal "xterm"
tput: unknown terminal "xterm"
tput: unknown terminal "xterm"
N E X T F L O W  ~  version 20.07.1
Launching `./NF-downstream_analysis/main.nf` [kickass_pasteur] - revision: 59dad1cfc8
[-        ] process > seurat_integrate -
[-        ] process > seurat_2         -

[1d/521d66] process > seurat_integrate (1) [100%] 1 of 1, cached: 1
[-        ] process > seurat_2             -

[1d/521d66] process > seurat_integrate (1) [100%] 1 of 1, cached: 1 ✔
[-        ] process > seurat_2             -
WARN: Input tuple does not match input set cardinality declared by process `seurat_2` -- offending value: [/camp/svc/scratch/luscomben/thierya/10x_neural_plate_border/work/1d/521d66b231083ac90e1486f30a2dbf/Rplots.pdf, /camp/svc/scratch/luscomben/thierya/10x_neural_plate_border/work/1d/521d66b231083ac90e1486f30a2dbf/input, /camp/svc/scratch/luscomben/thierya/10x_neural_plate_border/work/1d/521d66b231083ac90e1486f30a2dbf/plots, /camp/svc/scratch/luscomben/thierya/10x_neural_plate_border/work/1d/521d66b231083ac90e1486f30a2dbf/rds_files]

[1d/521d66] process > seurat_integrate (1) [100%] 1 of 1, cached: 1 ✔
[-        ] process > seurat_2             [  0%] 0 of 1
WARN: Input tuple does not match input set cardinality declared by process `seurat_2` -- offending value: [/camp/svc/scratch/luscomben/thierya/10x_neural_plate_border/work/1d/521d66b231083ac90e1486f30a2dbf/Rplots.pdf, /camp/svc/scratch/luscomben/thierya/10x_neural_plate_border/work/1d/521d66b231083ac90e1486f30a2dbf/input, /camp/svc/scratch/luscomben/thierya/10x_neural_plate_border/work/1d/521d66b231083ac90e1486f30a2dbf/plots, /camp/svc/scratch/luscomben/thierya/10x_neural_plate_border/work/1d/521d66b231083ac90e1486f30a2dbf/rds_files]

executor >  slurm (1)
[1d/521d66] process > seurat_integrate (1) [100%] 1 of 1, cached: 1 ✔
[e5/e48440] process > seurat_2 (1)         [  0%] 0 of 1
WARN: Input tuple does not match input set cardinality declared by process `seurat_2` -- offending value: [/camp/svc/scratch/luscomben/thierya/10x_neural_plate_border/work/1d/521d66b231083ac90e1486f30a2dbf/Rplots.pdf, /camp/svc/scratch/luscomben/thierya/10x_neural_plate_border/work/1d/521d66b231083ac90e1486f30a2dbf/input, /camp/svc/scratch/luscomben/thierya/10x_neural_plate_border/work/1d/521d66b231083ac90e1486f30a2dbf/plots, /camp/svc/scratch/luscomben/thierya/10x_neural_plate_border/work/1d/521d66b231083ac90e1486f30a2dbf/rds_files]

executor >  slurm (1)
[1d/521d66] process > seurat_integrate (1) [100%] 1 of 1, cached: 1 ✔
[e5/e48440] process > seurat_2 (1)         [  0%] 0 of 1
WARN: Input tuple does not match input set cardinality declared by process `seurat_2` -- offending value: [/camp/svc/scratch/luscomben/thierya/10x_neural_plate_border/work/1d/521d66b231083ac90e1486f30a2dbf/Rplots.pdf, /camp/svc/scratch/luscomben/thierya/10x_neural_plate_border/work/1d/521d66b231083ac90e1486f30a2dbf/input, /camp/svc/scratch/luscomben/thierya/10x_neural_plate_border/work/1d/521d66b231083ac90e1486f30a2dbf/plots, /camp/svc/scratch/luscomben/thierya/10x_neural_plate_border/work/1d/521d66b231083ac90e1486f30a2dbf/rds_files]

executor >  slurm (1)
[1d/521d66] process > seurat_integrate (1) [100%] 1 of 1, cached: 1 ✔
[e5/e48440] process > seurat_2 (1)         [  0%] 0 of 1
WARN: Input tuple does not match input set cardinality declared by process `seurat_2` -- offending value: [/camp/svc/scratch/luscomben/thierya/10x_neural_plate_border/work/1d/521d66b231083ac90e1486f30a2dbf/Rplots.pdf, /camp/svc/scratch/luscomben/thierya/10x_neural_plate_border/work/1d/521d66b231083ac90e1486f30a2dbf/input, /camp/svc/scratch/luscomben/thierya/10x_neural_plate_border/work/1d/521d66b231083ac90e1486f30a2dbf/plots, /camp/svc/scratch/luscomben/thierya/10x_neural_plate_border/work/1d/521d66b231083ac90e1486f30a2dbf/rds_files]
Error executing process > 'seurat_2 (1)'

Caused by:
  Process `seurat_2 (1)` terminated with an error exit status (1)

Command executed:

  Rscript /camp/svc/scratch/luscomben/thierya/10x_neural_plate_border/NF-downstream_analysis/bin/seurat/seurat_2.R --cores 16 --runtype nextflow --custom_functions /camp/svc/scratch/luscomben/thierya/10x_neural_plate_border/NF-downstream_analysis/../../bin/custom_functions

Command exit status:
  1

Command output:
  pipeline running through nextflow
  script ran with 16 cores

Command error:
  Attaching SeuratObject
  
  Attaching package: ‘dplyr’
  
  The following objects are masked from ‘package:stats’:
  
      filter, lag
  
  The following objects are masked from ‘package:base’:
  
      intersect, setdiff, setequal, union
  
  Loading required package: ggraph
  Loading required package: ggplot2
  
  Attaching package: ‘gridExtra’
  
  The following object is masked from ‘package:dplyr’:
  
      combine
  
  Registered S3 method overwritten by 'cli':
    method     from    
    print.boxx spatstat
  ── Attaching packages ─────────────────────────────────────── tidyverse 1.3.0 ──
  ✔ tibble  3.0.1     ✔ purrr   0.3.4
  ✔ tidyr   1.1.0     ✔ stringr 1.4.0
  ✔ readr   1.3.1     ✔ forcats 0.5.0
  ── Conflicts ────────────────────────────────────────── tidyverse_conflicts() ──
  ✖ gridExtra::combine() masks dplyr::combine()
  ✖ dplyr::filter()      masks stats::filter()
  ✖ dplyr::lag()         masks stats::lag()
  Warning messages:
  1: package ‘RColorBrewer’ was built under R version 4.0.3 
  2: package ‘tidyverse’ was built under R version 4.0.3 
  3: package ‘purrr’ was built under R version 4.0.3 
  4: package ‘stringr’ was built under R version 4.0.3 
  Error in gzfile(file, "rb") : cannot open the connection
  Calls: readRDS -> gzfile
  In addition: Warning message:
  In gzfile(file, "rb") :
    cannot open compressed file './input/rds_files/seurat_integrated_SCTransform.RDS', probable reason 'No such file or directory'
  Execution halted

Work dir:
  /camp/svc/scratch/luscomben/thierya/10x_neural_plate_border/work/e5/e4844049369f64b79f497ef66812aa

Tip: you can replicate the issue by changing to the process work dir and entering the command `bash .command.run`

executor >  slurm (1)
[1d/521d66] process > seurat_integrate (1) [100%] 1 of 1, cached: 1 ✔
[e5/e48440] process > seurat_2 (1)         [100%] 1 of 1, failed: 1 ✘
Execution cancelled -- Finishing pending tasks before exit
WARN: Input tuple does not match input set cardinality declared by process `seurat_2` -- offending value: [/camp/svc/scratch/luscomben/thierya/10x_neural_plate_border/work/1d/521d66b231083ac90e1486f30a2dbf/Rplots.pdf, /camp/svc/scratch/luscomben/thierya/10x_neural_plate_border/work/1d/521d66b231083ac90e1486f30a2dbf/input, /camp/svc/scratch/luscomben/thierya/10x_neural_plate_border/work/1d/521d66b231083ac90e1486f30a2dbf/plots, /camp/svc/scratch/luscomben/thierya/10x_neural_plate_border/work/1d/521d66b231083ac90e1486f30a2dbf/rds_files]
Error executing process > 'seurat_2 (1)'

Caused by:
  Process `seurat_2 (1)` terminated with an error exit status (1)

Command executed:

  Rscript /camp/svc/scratch/luscomben/thierya/10x_neural_plate_border/NF-downstream_analysis/bin/seurat/seurat_2.R --cores 16 --runtype nextflow --custom_functions /camp/svc/scratch/luscomben/thierya/10x_neural_plate_border/NF-downstream_analysis/../../bin/custom_functions

Command exit status:
  1

Command output:
  pipeline running through nextflow
  script ran with 16 cores

Command error:
  Attaching SeuratObject
  
  Attaching package: ‘dplyr’
  
  The following objects are masked from ‘package:stats’:
  
      filter, lag
  
  The following objects are masked from ‘package:base’:
  
      intersect, setdiff, setequal, union
  
  Loading required package: ggraph
  Loading required package: ggplot2
  
  Attaching package: ‘gridExtra’
  
  The following object is masked from ‘package:dplyr’:
  
      combine
  
  Registered S3 method overwritten by 'cli':
    method     from    
    print.boxx spatstat
  ── Attaching packages ─────────────────────────────────────── tidyverse 1.3.0 ──
  ✔ tibble  3.0.1     ✔ purrr   0.3.4
  ✔ tidyr   1.1.0     ✔ stringr 1.4.0
  ✔ readr   1.3.1     ✔ forcats 0.5.0
  ── Conflicts ────────────────────────────────────────── tidyverse_conflicts() ──
  ✖ gridExtra::combine() masks dplyr::combine()
  ✖ dplyr::filter()      masks stats::filter()
  ✖ dplyr::lag()         masks stats::lag()
  Warning messages:
  1: package ‘RColorBrewer’ was built under R version 4.0.3 
  2: package ‘tidyverse’ was built under R version 4.0.3 
  3: package ‘purrr’ was built under R version 4.0.3 
  4: package ‘stringr’ was built under R version 4.0.3 
  Error in gzfile(file, "rb") : cannot open the connection
  Calls: readRDS -> gzfile
  In addition: Warning message:
  In gzfile(file, "rb") :
    cannot open compressed file './input/rds_files/seurat_integrated_SCTransform.RDS', probable reason 'No such file or directory'
  Execution halted

Work dir:
  /camp/svc/scratch/luscomben/thierya/10x_neural_plate_border/work/e5/e4844049369f64b79f497ef66812aa

Tip: you can replicate the issue by changing to the process work dir and entering the command `bash .command.run`

executor >  slurm (1)
[1d/521d66] process > seurat_integrate (1) [100%] 1 of 1, cached: 1 ✔
[e5/e48440] process > seurat_2 (1)         [100%] 1 of 1, failed: 1 ✘
Execution cancelled -- Finishing pending tasks before exit
WARN: Input tuple does not match input set cardinality declared by process `seurat_2` -- offending value: [/camp/svc/scratch/luscomben/thierya/10x_neural_plate_border/work/1d/521d66b231083ac90e1486f30a2dbf/Rplots.pdf, /camp/svc/scratch/luscomben/thierya/10x_neural_plate_border/work/1d/521d66b231083ac90e1486f30a2dbf/input, /camp/svc/scratch/luscomben/thierya/10x_neural_plate_border/work/1d/521d66b231083ac90e1486f30a2dbf/plots, /camp/svc/scratch/luscomben/thierya/10x_neural_plate_border/work/1d/521d66b231083ac90e1486f30a2dbf/rds_files]
Error executing process > 'seurat_2 (1)'

Caused by:
  Process `seurat_2 (1)` terminated with an error exit status (1)

Command executed:

  Rscript /camp/svc/scratch/luscomben/thierya/10x_neural_plate_border/NF-downstream_analysis/bin/seurat/seurat_2.R --cores 16 --runtype nextflow --custom_functions /camp/svc/scratch/luscomben/thierya/10x_neural_plate_border/NF-downstream_analysis/../../bin/custom_functions

Command exit status:
  1

Command output:
  pipeline running through nextflow
  script ran with 16 cores

Command error:
  Attaching SeuratObject
  
  Attaching package: ‘dplyr’
  
  The following objects are masked from ‘package:stats’:
  
      filter, lag
  
  The following objects are masked from ‘package:base’:
  
      intersect, setdiff, setequal, union
  
  Loading required package: ggraph
  Loading required package: ggplot2
  
  Attaching package: ‘gridExtra’
  
  The following object is masked from ‘package:dplyr’:
  
      combine
  
  Registered S3 method overwritten by 'cli':
    method     from    
    print.boxx spatstat
  ── Attaching packages ─────────────────────────────────────── tidyverse 1.3.0 ──
  ✔ tibble  3.0.1     ✔ purrr   0.3.4
  ✔ tidyr   1.1.0     ✔ stringr 1.4.0
  ✔ readr   1.3.1     ✔ forcats 0.5.0
  ── Conflicts ────────────────────────────────────────── tidyverse_conflicts() ──
  ✖ gridExtra::combine() masks dplyr::combine()
  ✖ dplyr::filter()      masks stats::filter()
  ✖ dplyr::lag()         masks stats::lag()
  Warning messages:
  1: package ‘RColorBrewer’ was built under R version 4.0.3 
  2: package ‘tidyverse’ was built under R version 4.0.3 
  3: package ‘purrr’ was built under R version 4.0.3 
  4: package ‘stringr’ was built under R version 4.0.3 
  Error in gzfile(file, "rb") : cannot open the connection
  Calls: readRDS -> gzfile
  In addition: Warning message:
  In gzfile(file, "rb") :
    cannot open compressed file './input/rds_files/seurat_integrated_SCTransform.RDS', probable reason 'No such file or directory'
  Execution halted

Work dir:
  /camp/svc/scratch/luscomben/thierya/10x_neural_plate_border/work/e5/e4844049369f64b79f497ef66812aa

Tip: you can replicate the issue by changing to the process work dir and entering the command `bash .command.run`

